2024-12-12 09:07:58,329 [Worker-2: Loading available Gradle versions] INFO  o.e.b.c.i.u.g.PublishedGradleVersions - Gradle version information cache is up-to-date. Trying to read.
2024-12-12 09:08:42,242 [Worker-1: Updating Maven Dependencies] INFO  o.e.m.c.i.l.LifecycleMappingFactory - Using org.maven.ide.eclipse.wtp.WarLifecycleMapping lifecycle mapping for MavenProject: kr.ac.kku.cs.wp:code-in-spring:0.0.1-SNAPSHOT @ /Users/woojin/Downloads/202221889_fe/code-in-spring-main(202221889_최우진_고웹)/pom.xml.
2024-12-12 09:08:42,242 [Worker-25: Building] INFO  o.e.m.c.i.l.LifecycleMappingFactory - Using org.maven.ide.eclipse.wtp.WarLifecycleMapping lifecycle mapping for MavenProject: kr.ac.kku.cs.wp:code-in-spring:0.0.1-SNAPSHOT @ /Users/woojin/Downloads/202221889_fe/code-in-spring-main(202221889_최우진_고웹)/pom.xml.
2024-12-12 09:08:42,454 [Worker-1: Updating Maven Dependencies] WARN  o.e.m.c.i.embedder.EclipseLogger - The artifact mysql:mysql-connector-java:jar:8.0.32 has been relocated to com.mysql:mysql-connector-j:jar:8.0.32: MySQL Connector/J artifacts moved to reverse-DNS compliant Maven 2+ coordinates.
2024-12-12 09:08:42,454 [Worker-25: Building] WARN  o.e.m.c.i.embedder.EclipseLogger - The artifact mysql:mysql-connector-java:jar:8.0.32 has been relocated to com.mysql:mysql-connector-j:jar:8.0.32: MySQL Connector/J artifacts moved to reverse-DNS compliant Maven 2+ coordinates.
2024-12-12 09:08:42,495 [Worker-25: Building] WARN  o.e.m.c.i.embedder.EclipseLogger - The artifact mysql:mysql-connector-java:jar:8.0.32 has been relocated to com.mysql:mysql-connector-j:jar:8.0.32: MySQL Connector/J artifacts moved to reverse-DNS compliant Maven 2+ coordinates.
2024-12-12 09:08:42,840 [Worker-25: Building] WARN  o.a.m.s.f.DefaultMavenResourcesFiltering - Using platform encoding (UTF-8 actually) to copy filtered resources, i.e. build is platform dependent!
2024-12-12 09:08:42,843 [Worker-25: Building] INFO  o.a.m.s.f.DefaultMavenResourcesFiltering - Copying 3 resources from src/main/resources to target/classes
2024-12-12 09:08:42,853 [Worker-25: Building] WARN  o.a.m.s.f.DefaultMavenResourcesFiltering - Using platform encoding (UTF-8 actually) to copy filtered resources, i.e. build is platform dependent!
2024-12-12 09:08:42,853 [Worker-25: Building] INFO  o.a.m.s.f.DefaultMavenResourcesFiltering - Copying 1 resource from src/test/resources to target/test-classes
2024-12-12 09:08:43,361 [Worker-1: Building] WARN  o.a.m.s.f.DefaultMavenResourcesFiltering - Using platform encoding (UTF-8 actually) to copy filtered resources, i.e. build is platform dependent!
2024-12-12 09:08:43,362 [Worker-1: Building] INFO  o.a.m.s.f.DefaultMavenResourcesFiltering - Copying 3 resources from src/main/resources to target/classes
2024-12-12 09:08:43,364 [Worker-1: Building] WARN  o.a.m.s.f.DefaultMavenResourcesFiltering - Using platform encoding (UTF-8 actually) to copy filtered resources, i.e. build is platform dependent!
2024-12-12 09:08:43,364 [Worker-1: Building] INFO  o.a.m.s.f.DefaultMavenResourcesFiltering - Copying 1 resource from src/test/resources to target/test-classes
2024-12-12 09:08:43,989 [Worker-0: Updating Maven Dependencies] INFO  o.e.m.c.i.l.LifecycleMappingFactory - Using org.maven.ide.eclipse.wtp.WarLifecycleMapping lifecycle mapping for MavenProject: kr.ac.kku.cs.wp:code-in-spring:0.0.1-SNAPSHOT @ /Users/woojin/Downloads/202221889_fe/code-in-spring-main(202221889_최우진_고웹)/pom.xml.
2024-12-12 09:08:44,064 [Worker-0: Updating Maven Dependencies] WARN  o.e.m.c.i.embedder.EclipseLogger - The artifact mysql:mysql-connector-java:jar:8.0.32 has been relocated to com.mysql:mysql-connector-j:jar:8.0.32: MySQL Connector/J artifacts moved to reverse-DNS compliant Maven 2+ coordinates.
2024-12-12 09:08:44,088 [Worker-0: Updating Maven Dependencies] WARN  o.e.m.c.i.embedder.EclipseLogger - The artifact mysql:mysql-connector-java:jar:8.0.32 has been relocated to com.mysql:mysql-connector-j:jar:8.0.32: MySQL Connector/J artifacts moved to reverse-DNS compliant Maven 2+ coordinates.
2024-12-12 09:09:49,847 [Worker-24: Launching Executing clean in _Users_woojin_Downloads_202221889_fe_code-in-spring-main(202221889_최우진_고웹)] INFO  o.eclipse.m2e.core.internal.Bundles - getClasspathEntries(Bundle=org.eclipse.m2e.maven.runtime_3.9.900.20240824-1409 [639])
2024-12-12 09:09:49,848 [Worker-24: Launching Executing clean in _Users_woojin_Downloads_202221889_fe_code-in-spring-main(202221889_최우진_고웹)] INFO  o.eclipse.m2e.core.internal.Bundles - 	Entry: /Users/woojin/.p2/pool/plugins/org.eclipse.m2e.maven.runtime_3.9.900.20240824-1409
2024-12-12 09:09:49,848 [Worker-24: Launching Executing clean in _Users_woojin_Downloads_202221889_fe_code-in-spring-main(202221889_최우진_고웹)] INFO  o.eclipse.m2e.core.internal.Bundles - 	Entry: /Users/woojin/.p2/pool/plugins/org.eclipse.m2e.maven.runtime_3.9.900.20240824-1409/jars/aopalliance-1.0.jar
2024-12-12 09:09:49,848 [Worker-24: Launching Executing clean in _Users_woojin_Downloads_202221889_fe_code-in-spring-main(202221889_최우진_고웹)] INFO  o.eclipse.m2e.core.internal.Bundles - 	Entry: /Users/woojin/.p2/pool/plugins/org.eclipse.m2e.maven.runtime_3.9.900.20240824-1409/jars/guice-5.1.0.jar
2024-12-12 09:09:49,848 [Worker-24: Launching Executing clean in _Users_woojin_Downloads_202221889_fe_code-in-spring-main(202221889_최우진_고웹)] INFO  o.eclipse.m2e.core.internal.Bundles - 	Entry: /Users/woojin/.p2/pool/plugins/org.eclipse.m2e.maven.runtime_3.9.900.20240824-1409/jars/httpclient-4.5.14.jar
2024-12-12 09:09:49,848 [Worker-24: Launching Executing clean in _Users_woojin_Downloads_202221889_fe_code-in-spring-main(202221889_최우진_고웹)] INFO  o.eclipse.m2e.core.internal.Bundles - 	Entry: /Users/woojin/.p2/pool/plugins/org.eclipse.m2e.maven.runtime_3.9.900.20240824-1409/jars/httpcore-4.4.16.jar
2024-12-12 09:09:49,848 [Worker-24: Launching Executing clean in _Users_woojin_Downloads_202221889_fe_code-in-spring-main(202221889_최우진_고웹)] INFO  o.eclipse.m2e.core.internal.Bundles - 	Entry: /Users/woojin/.p2/pool/plugins/org.eclipse.m2e.maven.runtime_3.9.900.20240824-1409/jars/jansi-2.4.1.jar
2024-12-12 09:09:49,848 [Worker-24: Launching Executing clean in _Users_woojin_Downloads_202221889_fe_code-in-spring-main(202221889_최우진_고웹)] INFO  o.eclipse.m2e.core.internal.Bundles - 	Entry: /Users/woojin/.p2/pool/plugins/org.eclipse.m2e.maven.runtime_3.9.900.20240824-1409/jars/jcl-over-slf4j-1.7.36.jar
2024-12-12 09:09:49,849 [Worker-24: Launching Executing clean in _Users_woojin_Downloads_202221889_fe_code-in-spring-main(202221889_최우진_고웹)] INFO  o.eclipse.m2e.core.internal.Bundles - 	Entry: /Users/woojin/.p2/pool/plugins/org.eclipse.m2e.maven.runtime_3.9.900.20240824-1409/jars/maven-artifact-3.9.9.jar
2024-12-12 09:09:49,849 [Worker-24: Launching Executing clean in _Users_woojin_Downloads_202221889_fe_code-in-spring-main(202221889_최우진_고웹)] INFO  o.eclipse.m2e.core.internal.Bundles - 	Entry: /Users/woojin/.p2/pool/plugins/org.eclipse.m2e.maven.runtime_3.9.900.20240824-1409/jars/maven-builder-support-3.9.9.jar
2024-12-12 09:09:49,849 [Worker-24: Launching Executing clean in _Users_woojin_Downloads_202221889_fe_code-in-spring-main(202221889_최우진_고웹)] INFO  o.eclipse.m2e.core.internal.Bundles - 	Entry: /Users/woojin/.p2/pool/plugins/org.eclipse.m2e.maven.runtime_3.9.900.20240824-1409/jars/maven-compat-3.9.9.jar
2024-12-12 09:09:49,849 [Worker-24: Launching Executing clean in _Users_woojin_Downloads_202221889_fe_code-in-spring-main(202221889_최우진_고웹)] INFO  o.eclipse.m2e.core.internal.Bundles - 	Entry: /Users/woojin/.p2/pool/plugins/org.eclipse.m2e.maven.runtime_3.9.900.20240824-1409/jars/maven-core-3.9.9.jar
2024-12-12 09:09:49,849 [Worker-24: Launching Executing clean in _Users_woojin_Downloads_202221889_fe_code-in-spring-main(202221889_최우진_고웹)] INFO  o.eclipse.m2e.core.internal.Bundles - 	Entry: /Users/woojin/.p2/pool/plugins/org.eclipse.m2e.maven.runtime_3.9.900.20240824-1409/jars/maven-embedder-3.9.9.jar
2024-12-12 09:09:49,849 [Worker-24: Launching Executing clean in _Users_woojin_Downloads_202221889_fe_code-in-spring-main(202221889_최우진_고웹)] INFO  o.eclipse.m2e.core.internal.Bundles - 	Entry: /Users/woojin/.p2/pool/plugins/org.eclipse.m2e.maven.runtime_3.9.900.20240824-1409/jars/maven-model-3.9.9.jar
2024-12-12 09:09:49,849 [Worker-24: Launching Executing clean in _Users_woojin_Downloads_202221889_fe_code-in-spring-main(202221889_최우진_고웹)] INFO  o.eclipse.m2e.core.internal.Bundles - 	Entry: /Users/woojin/.p2/pool/plugins/org.eclipse.m2e.maven.runtime_3.9.900.20240824-1409/jars/maven-model-builder-3.9.9.jar
2024-12-12 09:09:49,849 [Worker-24: Launching Executing clean in _Users_woojin_Downloads_202221889_fe_code-in-spring-main(202221889_최우진_고웹)] INFO  o.eclipse.m2e.core.internal.Bundles - 	Entry: /Users/woojin/.p2/pool/plugins/org.eclipse.m2e.maven.runtime_3.9.900.20240824-1409/jars/maven-plugin-api-3.9.9.jar
2024-12-12 09:09:49,849 [Worker-24: Launching Executing clean in _Users_woojin_Downloads_202221889_fe_code-in-spring-main(202221889_최우진_고웹)] INFO  o.eclipse.m2e.core.internal.Bundles - 	Entry: /Users/woojin/.p2/pool/plugins/org.eclipse.m2e.maven.runtime_3.9.900.20240824-1409/jars/maven-repository-metadata-3.9.9.jar
2024-12-12 09:09:49,849 [Worker-24: Launching Executing clean in _Users_woojin_Downloads_202221889_fe_code-in-spring-main(202221889_최우진_고웹)] INFO  o.eclipse.m2e.core.internal.Bundles - 	Entry: /Users/woojin/.p2/pool/plugins/org.eclipse.m2e.maven.runtime_3.9.900.20240824-1409/jars/maven-resolver-api-1.9.22.jar
2024-12-12 09:09:49,849 [Worker-24: Launching Executing clean in _Users_woojin_Downloads_202221889_fe_code-in-spring-main(202221889_최우진_고웹)] INFO  o.eclipse.m2e.core.internal.Bundles - 	Entry: /Users/woojin/.p2/pool/plugins/org.eclipse.m2e.maven.runtime_3.9.900.20240824-1409/jars/maven-resolver-connector-basic-1.9.22.jar
2024-12-12 09:09:49,849 [Worker-24: Launching Executing clean in _Users_woojin_Downloads_202221889_fe_code-in-spring-main(202221889_최우진_고웹)] INFO  o.eclipse.m2e.core.internal.Bundles - 	Entry: /Users/woojin/.p2/pool/plugins/org.eclipse.m2e.maven.runtime_3.9.900.20240824-1409/jars/maven-resolver-impl-1.9.22.jar
2024-12-12 09:09:49,849 [Worker-24: Launching Executing clean in _Users_woojin_Downloads_202221889_fe_code-in-spring-main(202221889_최우진_고웹)] INFO  o.eclipse.m2e.core.internal.Bundles - 	Entry: /Users/woojin/.p2/pool/plugins/org.eclipse.m2e.maven.runtime_3.9.900.20240824-1409/jars/maven-resolver-named-locks-1.9.22.jar
2024-12-12 09:09:49,849 [Worker-24: Launching Executing clean in _Users_woojin_Downloads_202221889_fe_code-in-spring-main(202221889_최우진_고웹)] INFO  o.eclipse.m2e.core.internal.Bundles - 	Entry: /Users/woojin/.p2/pool/plugins/org.eclipse.m2e.maven.runtime_3.9.900.20240824-1409/jars/maven-resolver-provider-3.9.9.jar
2024-12-12 09:09:49,849 [Worker-24: Launching Executing clean in _Users_woojin_Downloads_202221889_fe_code-in-spring-main(202221889_최우진_고웹)] INFO  o.eclipse.m2e.core.internal.Bundles - 	Entry: /Users/woojin/.p2/pool/plugins/org.eclipse.m2e.maven.runtime_3.9.900.20240824-1409/jars/maven-resolver-spi-1.9.22.jar
2024-12-12 09:09:49,849 [Worker-24: Launching Executing clean in _Users_woojin_Downloads_202221889_fe_code-in-spring-main(202221889_최우진_고웹)] INFO  o.eclipse.m2e.core.internal.Bundles - 	Entry: /Users/woojin/.p2/pool/plugins/org.eclipse.m2e.maven.runtime_3.9.900.20240824-1409/jars/maven-resolver-transport-file-1.9.22.jar
2024-12-12 09:09:49,849 [Worker-24: Launching Executing clean in _Users_woojin_Downloads_202221889_fe_code-in-spring-main(202221889_최우진_고웹)] INFO  o.eclipse.m2e.core.internal.Bundles - 	Entry: /Users/woojin/.p2/pool/plugins/org.eclipse.m2e.maven.runtime_3.9.900.20240824-1409/jars/maven-resolver-transport-http-1.9.22.jar
2024-12-12 09:09:49,849 [Worker-24: Launching Executing clean in _Users_woojin_Downloads_202221889_fe_code-in-spring-main(202221889_최우진_고웹)] INFO  o.eclipse.m2e.core.internal.Bundles - 	Entry: /Users/woojin/.p2/pool/plugins/org.eclipse.m2e.maven.runtime_3.9.900.20240824-1409/jars/maven-resolver-transport-wagon-1.9.22.jar
2024-12-12 09:09:49,849 [Worker-24: Launching Executing clean in _Users_woojin_Downloads_202221889_fe_code-in-spring-main(202221889_최우진_고웹)] INFO  o.eclipse.m2e.core.internal.Bundles - 	Entry: /Users/woojin/.p2/pool/plugins/org.eclipse.m2e.maven.runtime_3.9.900.20240824-1409/jars/maven-resolver-util-1.9.22.jar
2024-12-12 09:09:49,849 [Worker-24: Launching Executing clean in _Users_woojin_Downloads_202221889_fe_code-in-spring-main(202221889_최우진_고웹)] INFO  o.eclipse.m2e.core.internal.Bundles - 	Entry: /Users/woojin/.p2/pool/plugins/org.eclipse.m2e.maven.runtime_3.9.900.20240824-1409/jars/maven-settings-3.9.9.jar
2024-12-12 09:09:49,849 [Worker-24: Launching Executing clean in _Users_woojin_Downloads_202221889_fe_code-in-spring-main(202221889_최우진_고웹)] INFO  o.eclipse.m2e.core.internal.Bundles - 	Entry: /Users/woojin/.p2/pool/plugins/org.eclipse.m2e.maven.runtime_3.9.900.20240824-1409/jars/maven-settings-builder-3.9.9.jar
2024-12-12 09:09:49,849 [Worker-24: Launching Executing clean in _Users_woojin_Downloads_202221889_fe_code-in-spring-main(202221889_최우진_고웹)] INFO  o.eclipse.m2e.core.internal.Bundles - 	Entry: /Users/woojin/.p2/pool/plugins/org.eclipse.m2e.maven.runtime_3.9.900.20240824-1409/jars/maven-shared-utils-3.4.2.jar
2024-12-12 09:09:49,849 [Worker-24: Launching Executing clean in _Users_woojin_Downloads_202221889_fe_code-in-spring-main(202221889_최우진_고웹)] INFO  o.eclipse.m2e.core.internal.Bundles - 	Entry: /Users/woojin/.p2/pool/plugins/org.eclipse.m2e.maven.runtime_3.9.900.20240824-1409/jars/org.eclipse.sisu.inject-0.9.0.M3.jar
2024-12-12 09:09:49,849 [Worker-24: Launching Executing clean in _Users_woojin_Downloads_202221889_fe_code-in-spring-main(202221889_최우진_고웹)] INFO  o.eclipse.m2e.core.internal.Bundles - 	Entry: /Users/woojin/.p2/pool/plugins/org.eclipse.m2e.maven.runtime_3.9.900.20240824-1409/jars/org.eclipse.sisu.plexus-0.9.0.M3.jar
2024-12-12 09:09:49,849 [Worker-24: Launching Executing clean in _Users_woojin_Downloads_202221889_fe_code-in-spring-main(202221889_최우진_고웹)] INFO  o.eclipse.m2e.core.internal.Bundles - 	Entry: /Users/woojin/.p2/pool/plugins/org.eclipse.m2e.maven.runtime_3.9.900.20240824-1409/jars/plexus-build-api-0.0.7.jar
2024-12-12 09:09:49,849 [Worker-24: Launching Executing clean in _Users_woojin_Downloads_202221889_fe_code-in-spring-main(202221889_최우진_고웹)] INFO  o.eclipse.m2e.core.internal.Bundles - 	Entry: /Users/woojin/.p2/pool/plugins/org.eclipse.m2e.maven.runtime_3.9.900.20240824-1409/jars/plexus-build-api-1.2.0.jar
2024-12-12 09:09:49,849 [Worker-24: Launching Executing clean in _Users_woojin_Downloads_202221889_fe_code-in-spring-main(202221889_최우진_고웹)] INFO  o.eclipse.m2e.core.internal.Bundles - 	Entry: /Users/woojin/.p2/pool/plugins/org.eclipse.m2e.maven.runtime_3.9.900.20240824-1409/jars/plexus-cipher-2.0.jar
2024-12-12 09:09:49,849 [Worker-24: Launching Executing clean in _Users_woojin_Downloads_202221889_fe_code-in-spring-main(202221889_최우진_고웹)] INFO  o.eclipse.m2e.core.internal.Bundles - 	Entry: /Users/woojin/.p2/pool/plugins/org.eclipse.m2e.maven.runtime_3.9.900.20240824-1409/jars/plexus-classworlds-2.8.0.jar
2024-12-12 09:09:49,849 [Worker-24: Launching Executing clean in _Users_woojin_Downloads_202221889_fe_code-in-spring-main(202221889_최우진_고웹)] INFO  o.eclipse.m2e.core.internal.Bundles - 	Entry: /Users/woojin/.p2/pool/plugins/org.eclipse.m2e.maven.runtime_3.9.900.20240824-1409/jars/plexus-component-annotations-2.1.0.jar
2024-12-12 09:09:49,849 [Worker-24: Launching Executing clean in _Users_woojin_Downloads_202221889_fe_code-in-spring-main(202221889_최우진_고웹)] INFO  o.eclipse.m2e.core.internal.Bundles - 	Entry: /Users/woojin/.p2/pool/plugins/org.eclipse.m2e.maven.runtime_3.9.900.20240824-1409/jars/plexus-interpolation-1.27.jar
2024-12-12 09:09:49,849 [Worker-24: Launching Executing clean in _Users_woojin_Downloads_202221889_fe_code-in-spring-main(202221889_최우진_고웹)] INFO  o.eclipse.m2e.core.internal.Bundles - 	Entry: /Users/woojin/.p2/pool/plugins/org.eclipse.m2e.maven.runtime_3.9.900.20240824-1409/jars/plexus-sec-dispatcher-2.0.jar
2024-12-12 09:09:49,849 [Worker-24: Launching Executing clean in _Users_woojin_Downloads_202221889_fe_code-in-spring-main(202221889_최우진_고웹)] INFO  o.eclipse.m2e.core.internal.Bundles - 	Entry: /Users/woojin/.p2/pool/plugins/org.eclipse.m2e.maven.runtime_3.9.900.20240824-1409/jars/plexus-utils-3.5.1.jar
2024-12-12 09:09:49,849 [Worker-24: Launching Executing clean in _Users_woojin_Downloads_202221889_fe_code-in-spring-main(202221889_최우진_고웹)] INFO  o.eclipse.m2e.core.internal.Bundles - 	Entry: /Users/woojin/.p2/pool/plugins/org.eclipse.m2e.maven.runtime_3.9.900.20240824-1409/jars/plexus-xml-3.0.1.jar
2024-12-12 09:09:49,850 [Worker-24: Launching Executing clean in _Users_woojin_Downloads_202221889_fe_code-in-spring-main(202221889_최우진_고웹)] INFO  o.eclipse.m2e.core.internal.Bundles - 	Entry: /Users/woojin/.p2/pool/plugins/org.eclipse.m2e.maven.runtime_3.9.900.20240824-1409/jars/wagon-file-3.5.3.jar
2024-12-12 09:09:49,850 [Worker-24: Launching Executing clean in _Users_woojin_Downloads_202221889_fe_code-in-spring-main(202221889_최우진_고웹)] INFO  o.eclipse.m2e.core.internal.Bundles - 	Entry: /Users/woojin/.p2/pool/plugins/org.eclipse.m2e.maven.runtime_3.9.900.20240824-1409/jars/wagon-http-3.5.3.jar
2024-12-12 09:09:49,850 [Worker-24: Launching Executing clean in _Users_woojin_Downloads_202221889_fe_code-in-spring-main(202221889_최우진_고웹)] INFO  o.eclipse.m2e.core.internal.Bundles - 	Entry: /Users/woojin/.p2/pool/plugins/org.eclipse.m2e.maven.runtime_3.9.900.20240824-1409/jars/wagon-http-shared-3.5.3.jar
2024-12-12 09:09:49,850 [Worker-24: Launching Executing clean in _Users_woojin_Downloads_202221889_fe_code-in-spring-main(202221889_최우진_고웹)] INFO  o.eclipse.m2e.core.internal.Bundles - 	Entry: /Users/woojin/.p2/pool/plugins/org.eclipse.m2e.maven.runtime_3.9.900.20240824-1409/jars/wagon-provider-api-3.5.3.jar
2024-12-12 09:09:49,850 [Worker-24: Launching Executing clean in _Users_woojin_Downloads_202221889_fe_code-in-spring-main(202221889_최우진_고웹)] INFO  o.eclipse.m2e.core.internal.Bundles - getClasspathEntries(Bundle=com.google.guava_33.3.0.jre [16])
2024-12-12 09:09:49,850 [Worker-24: Launching Executing clean in _Users_woojin_Downloads_202221889_fe_code-in-spring-main(202221889_최우진_고웹)] INFO  o.eclipse.m2e.core.internal.Bundles - 	Entry: /Users/woojin/.p2/pool/plugins/com.google.guava_33.3.0.jre.jar
2024-12-12 09:09:49,850 [Worker-24: Launching Executing clean in _Users_woojin_Downloads_202221889_fe_code-in-spring-main(202221889_최우진_고웹)] INFO  o.eclipse.m2e.core.internal.Bundles - getClasspathEntries(Bundle=slf4j.api_2.0.16 [1004])
2024-12-12 09:09:49,850 [Worker-24: Launching Executing clean in _Users_woojin_Downloads_202221889_fe_code-in-spring-main(202221889_최우진_고웹)] INFO  o.eclipse.m2e.core.internal.Bundles - 	Entry: /Users/woojin/.p2/pool/plugins/slf4j.api_2.0.16.jar
2024-12-12 09:09:49,850 [Worker-24: Launching Executing clean in _Users_woojin_Downloads_202221889_fe_code-in-spring-main(202221889_최우진_고웹)] INFO  o.eclipse.m2e.core.internal.Bundles - getClasspathEntries(Bundle=jakarta.inject.jakarta.inject-api_1.0.5 [34])
2024-12-12 09:09:49,850 [Worker-24: Launching Executing clean in _Users_woojin_Downloads_202221889_fe_code-in-spring-main(202221889_최우진_고웹)] INFO  o.eclipse.m2e.core.internal.Bundles - 	Entry: /Users/woojin/.p2/pool/plugins/jakarta.inject.jakarta.inject-api_1.0.5.jar
2024-12-12 09:09:49,850 [Worker-24: Launching Executing clean in _Users_woojin_Downloads_202221889_fe_code-in-spring-main(202221889_최우진_고웹)] INFO  o.eclipse.m2e.core.internal.Bundles - getClasspathEntries(Bundle=jakarta.annotation-api_1.3.5 [29])
2024-12-12 09:09:49,851 [Worker-24: Launching Executing clean in _Users_woojin_Downloads_202221889_fe_code-in-spring-main(202221889_최우진_고웹)] INFO  o.eclipse.m2e.core.internal.Bundles - 	Entry: /Users/woojin/.p2/pool/plugins/jakarta.annotation-api_1.3.5.jar
2024-12-12 09:09:49,851 [Worker-24: Launching Executing clean in _Users_woojin_Downloads_202221889_fe_code-in-spring-main(202221889_최우진_고웹)] INFO  o.eclipse.m2e.core.internal.Bundles - getClasspathEntries(Bundle=org.apache.commons.cli_1.9.0 [78])
2024-12-12 09:09:49,851 [Worker-24: Launching Executing clean in _Users_woojin_Downloads_202221889_fe_code-in-spring-main(202221889_최우진_고웹)] INFO  o.eclipse.m2e.core.internal.Bundles - 	Entry: /Users/woojin/.p2/pool/plugins/org.apache.commons.cli_1.9.0.jar
2024-12-12 09:09:49,851 [Worker-24: Launching Executing clean in _Users_woojin_Downloads_202221889_fe_code-in-spring-main(202221889_최우진_고웹)] INFO  o.eclipse.m2e.core.internal.Bundles - getClasspathEntries(Bundle=org.apache.commons.commons-codec_1.16.0 [81])
2024-12-12 09:09:49,851 [Worker-24: Launching Executing clean in _Users_woojin_Downloads_202221889_fe_code-in-spring-main(202221889_최우진_고웹)] INFO  o.eclipse.m2e.core.internal.Bundles - 	Entry: /Users/woojin/.p2/pool/plugins/org.apache.commons.commons-codec_1.16.0.jar
2024-12-12 09:09:49,851 [Worker-24: Launching Executing clean in _Users_woojin_Downloads_202221889_fe_code-in-spring-main(202221889_최우진_고웹)] INFO  o.eclipse.m2e.core.internal.Bundles - getClasspathEntries(Bundle=com.google.guava.failureaccess_1.0.2 [17])
2024-12-12 09:09:49,851 [Worker-24: Launching Executing clean in _Users_woojin_Downloads_202221889_fe_code-in-spring-main(202221889_최우진_고웹)] INFO  o.eclipse.m2e.core.internal.Bundles - 	Entry: /Users/woojin/.p2/pool/plugins/com.google.guava.failureaccess_1.0.2.jar
2024-12-12 09:09:49,852 [Worker-24: Launching Executing clean in _Users_woojin_Downloads_202221889_fe_code-in-spring-main(202221889_최우진_고웹)] INFO  o.e.m.i.launch.MavenLaunchDelegate - Run build in "/Users/woojin/Downloads/202221889_fe/code-in-spring-main(202221889_최우진_고웹)":
2024-12-12 09:09:49,853 [Worker-24: Launching Executing clean in _Users_woojin_Downloads_202221889_fe_code-in-spring-main(202221889_최우진_고웹)] INFO  o.e.m.i.launch.MavenLaunchDelegate -  mvn  -B -Dstyle.color=always clean
2024-12-12 09:09:51,253 [Worker-28: Building] WARN  o.a.m.s.f.DefaultMavenResourcesFiltering - Using platform encoding (UTF-8 actually) to copy filtered resources, i.e. build is platform dependent!
2024-12-12 09:09:51,254 [Worker-28: Building] INFO  o.a.m.s.f.DefaultMavenResourcesFiltering - Copying 3 resources from src/main/resources to target/classes
2024-12-12 09:09:51,259 [Worker-28: Building] WARN  o.a.m.s.f.DefaultMavenResourcesFiltering - Using platform encoding (UTF-8 actually) to copy filtered resources, i.e. build is platform dependent!
2024-12-12 09:09:51,259 [Worker-28: Building] INFO  o.a.m.s.f.DefaultMavenResourcesFiltering - Copying 1 resource from src/test/resources to target/test-classes
2024-12-12 09:09:51,262 [Worker-28: Building] INFO  o.e.m.w.i.f.ResourceFilteringBuildParticipant - Changed resources require a complete clean of filtered resources of code-in-spring-main(202221889_최우진_고웹)
2024-12-12 09:09:51,262 [Worker-28: Building] INFO  o.e.m.w.i.f.ResourceFilteringBuildParticipant - Executing resource filtering for code-in-spring-main(202221889_최우진_고웹)
2024-12-12 09:09:53,237 [Worker-10: Launching Executing install in _Users_woojin_Downloads_202221889_fe_code-in-spring-main(202221889_최우진_고웹)] INFO  o.eclipse.m2e.core.internal.Bundles - getClasspathEntries(Bundle=org.eclipse.m2e.maven.runtime_3.9.900.20240824-1409 [639])
2024-12-12 09:09:53,237 [Worker-10: Launching Executing install in _Users_woojin_Downloads_202221889_fe_code-in-spring-main(202221889_최우진_고웹)] INFO  o.eclipse.m2e.core.internal.Bundles - 	Entry: /Users/woojin/.p2/pool/plugins/org.eclipse.m2e.maven.runtime_3.9.900.20240824-1409
2024-12-12 09:09:53,237 [Worker-10: Launching Executing install in _Users_woojin_Downloads_202221889_fe_code-in-spring-main(202221889_최우진_고웹)] INFO  o.eclipse.m2e.core.internal.Bundles - 	Entry: /Users/woojin/.p2/pool/plugins/org.eclipse.m2e.maven.runtime_3.9.900.20240824-1409/jars/aopalliance-1.0.jar
2024-12-12 09:09:53,237 [Worker-10: Launching Executing install in _Users_woojin_Downloads_202221889_fe_code-in-spring-main(202221889_최우진_고웹)] INFO  o.eclipse.m2e.core.internal.Bundles - 	Entry: /Users/woojin/.p2/pool/plugins/org.eclipse.m2e.maven.runtime_3.9.900.20240824-1409/jars/guice-5.1.0.jar
2024-12-12 09:09:53,237 [Worker-10: Launching Executing install in _Users_woojin_Downloads_202221889_fe_code-in-spring-main(202221889_최우진_고웹)] INFO  o.eclipse.m2e.core.internal.Bundles - 	Entry: /Users/woojin/.p2/pool/plugins/org.eclipse.m2e.maven.runtime_3.9.900.20240824-1409/jars/httpclient-4.5.14.jar
2024-12-12 09:09:53,237 [Worker-10: Launching Executing install in _Users_woojin_Downloads_202221889_fe_code-in-spring-main(202221889_최우진_고웹)] INFO  o.eclipse.m2e.core.internal.Bundles - 	Entry: /Users/woojin/.p2/pool/plugins/org.eclipse.m2e.maven.runtime_3.9.900.20240824-1409/jars/httpcore-4.4.16.jar
2024-12-12 09:09:53,237 [Worker-10: Launching Executing install in _Users_woojin_Downloads_202221889_fe_code-in-spring-main(202221889_최우진_고웹)] INFO  o.eclipse.m2e.core.internal.Bundles - 	Entry: /Users/woojin/.p2/pool/plugins/org.eclipse.m2e.maven.runtime_3.9.900.20240824-1409/jars/jansi-2.4.1.jar
2024-12-12 09:09:53,237 [Worker-10: Launching Executing install in _Users_woojin_Downloads_202221889_fe_code-in-spring-main(202221889_최우진_고웹)] INFO  o.eclipse.m2e.core.internal.Bundles - 	Entry: /Users/woojin/.p2/pool/plugins/org.eclipse.m2e.maven.runtime_3.9.900.20240824-1409/jars/jcl-over-slf4j-1.7.36.jar
2024-12-12 09:09:53,237 [Worker-10: Launching Executing install in _Users_woojin_Downloads_202221889_fe_code-in-spring-main(202221889_최우진_고웹)] INFO  o.eclipse.m2e.core.internal.Bundles - 	Entry: /Users/woojin/.p2/pool/plugins/org.eclipse.m2e.maven.runtime_3.9.900.20240824-1409/jars/maven-artifact-3.9.9.jar
2024-12-12 09:09:53,237 [Worker-10: Launching Executing install in _Users_woojin_Downloads_202221889_fe_code-in-spring-main(202221889_최우진_고웹)] INFO  o.eclipse.m2e.core.internal.Bundles - 	Entry: /Users/woojin/.p2/pool/plugins/org.eclipse.m2e.maven.runtime_3.9.900.20240824-1409/jars/maven-builder-support-3.9.9.jar
2024-12-12 09:09:53,237 [Worker-10: Launching Executing install in _Users_woojin_Downloads_202221889_fe_code-in-spring-main(202221889_최우진_고웹)] INFO  o.eclipse.m2e.core.internal.Bundles - 	Entry: /Users/woojin/.p2/pool/plugins/org.eclipse.m2e.maven.runtime_3.9.900.20240824-1409/jars/maven-compat-3.9.9.jar
2024-12-12 09:09:53,237 [Worker-10: Launching Executing install in _Users_woojin_Downloads_202221889_fe_code-in-spring-main(202221889_최우진_고웹)] INFO  o.eclipse.m2e.core.internal.Bundles - 	Entry: /Users/woojin/.p2/pool/plugins/org.eclipse.m2e.maven.runtime_3.9.900.20240824-1409/jars/maven-core-3.9.9.jar
2024-12-12 09:09:53,237 [Worker-10: Launching Executing install in _Users_woojin_Downloads_202221889_fe_code-in-spring-main(202221889_최우진_고웹)] INFO  o.eclipse.m2e.core.internal.Bundles - 	Entry: /Users/woojin/.p2/pool/plugins/org.eclipse.m2e.maven.runtime_3.9.900.20240824-1409/jars/maven-embedder-3.9.9.jar
2024-12-12 09:09:53,237 [Worker-10: Launching Executing install in _Users_woojin_Downloads_202221889_fe_code-in-spring-main(202221889_최우진_고웹)] INFO  o.eclipse.m2e.core.internal.Bundles - 	Entry: /Users/woojin/.p2/pool/plugins/org.eclipse.m2e.maven.runtime_3.9.900.20240824-1409/jars/maven-model-3.9.9.jar
2024-12-12 09:09:53,237 [Worker-10: Launching Executing install in _Users_woojin_Downloads_202221889_fe_code-in-spring-main(202221889_최우진_고웹)] INFO  o.eclipse.m2e.core.internal.Bundles - 	Entry: /Users/woojin/.p2/pool/plugins/org.eclipse.m2e.maven.runtime_3.9.900.20240824-1409/jars/maven-model-builder-3.9.9.jar
2024-12-12 09:09:53,238 [Worker-10: Launching Executing install in _Users_woojin_Downloads_202221889_fe_code-in-spring-main(202221889_최우진_고웹)] INFO  o.eclipse.m2e.core.internal.Bundles - 	Entry: /Users/woojin/.p2/pool/plugins/org.eclipse.m2e.maven.runtime_3.9.900.20240824-1409/jars/maven-plugin-api-3.9.9.jar
2024-12-12 09:09:53,238 [Worker-10: Launching Executing install in _Users_woojin_Downloads_202221889_fe_code-in-spring-main(202221889_최우진_고웹)] INFO  o.eclipse.m2e.core.internal.Bundles - 	Entry: /Users/woojin/.p2/pool/plugins/org.eclipse.m2e.maven.runtime_3.9.900.20240824-1409/jars/maven-repository-metadata-3.9.9.jar
2024-12-12 09:09:53,238 [Worker-10: Launching Executing install in _Users_woojin_Downloads_202221889_fe_code-in-spring-main(202221889_최우진_고웹)] INFO  o.eclipse.m2e.core.internal.Bundles - 	Entry: /Users/woojin/.p2/pool/plugins/org.eclipse.m2e.maven.runtime_3.9.900.20240824-1409/jars/maven-resolver-api-1.9.22.jar
2024-12-12 09:09:53,238 [Worker-10: Launching Executing install in _Users_woojin_Downloads_202221889_fe_code-in-spring-main(202221889_최우진_고웹)] INFO  o.eclipse.m2e.core.internal.Bundles - 	Entry: /Users/woojin/.p2/pool/plugins/org.eclipse.m2e.maven.runtime_3.9.900.20240824-1409/jars/maven-resolver-connector-basic-1.9.22.jar
2024-12-12 09:09:53,238 [Worker-10: Launching Executing install in _Users_woojin_Downloads_202221889_fe_code-in-spring-main(202221889_최우진_고웹)] INFO  o.eclipse.m2e.core.internal.Bundles - 	Entry: /Users/woojin/.p2/pool/plugins/org.eclipse.m2e.maven.runtime_3.9.900.20240824-1409/jars/maven-resolver-impl-1.9.22.jar
2024-12-12 09:09:53,238 [Worker-10: Launching Executing install in _Users_woojin_Downloads_202221889_fe_code-in-spring-main(202221889_최우진_고웹)] INFO  o.eclipse.m2e.core.internal.Bundles - 	Entry: /Users/woojin/.p2/pool/plugins/org.eclipse.m2e.maven.runtime_3.9.900.20240824-1409/jars/maven-resolver-named-locks-1.9.22.jar
2024-12-12 09:09:53,238 [Worker-10: Launching Executing install in _Users_woojin_Downloads_202221889_fe_code-in-spring-main(202221889_최우진_고웹)] INFO  o.eclipse.m2e.core.internal.Bundles - 	Entry: /Users/woojin/.p2/pool/plugins/org.eclipse.m2e.maven.runtime_3.9.900.20240824-1409/jars/maven-resolver-provider-3.9.9.jar
2024-12-12 09:09:53,238 [Worker-10: Launching Executing install in _Users_woojin_Downloads_202221889_fe_code-in-spring-main(202221889_최우진_고웹)] INFO  o.eclipse.m2e.core.internal.Bundles - 	Entry: /Users/woojin/.p2/pool/plugins/org.eclipse.m2e.maven.runtime_3.9.900.20240824-1409/jars/maven-resolver-spi-1.9.22.jar
2024-12-12 09:09:53,238 [Worker-10: Launching Executing install in _Users_woojin_Downloads_202221889_fe_code-in-spring-main(202221889_최우진_고웹)] INFO  o.eclipse.m2e.core.internal.Bundles - 	Entry: /Users/woojin/.p2/pool/plugins/org.eclipse.m2e.maven.runtime_3.9.900.20240824-1409/jars/maven-resolver-transport-file-1.9.22.jar
2024-12-12 09:09:53,238 [Worker-10: Launching Executing install in _Users_woojin_Downloads_202221889_fe_code-in-spring-main(202221889_최우진_고웹)] INFO  o.eclipse.m2e.core.internal.Bundles - 	Entry: /Users/woojin/.p2/pool/plugins/org.eclipse.m2e.maven.runtime_3.9.900.20240824-1409/jars/maven-resolver-transport-http-1.9.22.jar
2024-12-12 09:09:53,238 [Worker-10: Launching Executing install in _Users_woojin_Downloads_202221889_fe_code-in-spring-main(202221889_최우진_고웹)] INFO  o.eclipse.m2e.core.internal.Bundles - 	Entry: /Users/woojin/.p2/pool/plugins/org.eclipse.m2e.maven.runtime_3.9.900.20240824-1409/jars/maven-resolver-transport-wagon-1.9.22.jar
2024-12-12 09:09:53,238 [Worker-10: Launching Executing install in _Users_woojin_Downloads_202221889_fe_code-in-spring-main(202221889_최우진_고웹)] INFO  o.eclipse.m2e.core.internal.Bundles - 	Entry: /Users/woojin/.p2/pool/plugins/org.eclipse.m2e.maven.runtime_3.9.900.20240824-1409/jars/maven-resolver-util-1.9.22.jar
2024-12-12 09:09:53,238 [Worker-10: Launching Executing install in _Users_woojin_Downloads_202221889_fe_code-in-spring-main(202221889_최우진_고웹)] INFO  o.eclipse.m2e.core.internal.Bundles - 	Entry: /Users/woojin/.p2/pool/plugins/org.eclipse.m2e.maven.runtime_3.9.900.20240824-1409/jars/maven-settings-3.9.9.jar
2024-12-12 09:09:53,238 [Worker-10: Launching Executing install in _Users_woojin_Downloads_202221889_fe_code-in-spring-main(202221889_최우진_고웹)] INFO  o.eclipse.m2e.core.internal.Bundles - 	Entry: /Users/woojin/.p2/pool/plugins/org.eclipse.m2e.maven.runtime_3.9.900.20240824-1409/jars/maven-settings-builder-3.9.9.jar
2024-12-12 09:09:53,238 [Worker-10: Launching Executing install in _Users_woojin_Downloads_202221889_fe_code-in-spring-main(202221889_최우진_고웹)] INFO  o.eclipse.m2e.core.internal.Bundles - 	Entry: /Users/woojin/.p2/pool/plugins/org.eclipse.m2e.maven.runtime_3.9.900.20240824-1409/jars/maven-shared-utils-3.4.2.jar
2024-12-12 09:09:53,238 [Worker-10: Launching Executing install in _Users_woojin_Downloads_202221889_fe_code-in-spring-main(202221889_최우진_고웹)] INFO  o.eclipse.m2e.core.internal.Bundles - 	Entry: /Users/woojin/.p2/pool/plugins/org.eclipse.m2e.maven.runtime_3.9.900.20240824-1409/jars/org.eclipse.sisu.inject-0.9.0.M3.jar
2024-12-12 09:09:53,238 [Worker-10: Launching Executing install in _Users_woojin_Downloads_202221889_fe_code-in-spring-main(202221889_최우진_고웹)] INFO  o.eclipse.m2e.core.internal.Bundles - 	Entry: /Users/woojin/.p2/pool/plugins/org.eclipse.m2e.maven.runtime_3.9.900.20240824-1409/jars/org.eclipse.sisu.plexus-0.9.0.M3.jar
2024-12-12 09:09:53,238 [Worker-10: Launching Executing install in _Users_woojin_Downloads_202221889_fe_code-in-spring-main(202221889_최우진_고웹)] INFO  o.eclipse.m2e.core.internal.Bundles - 	Entry: /Users/woojin/.p2/pool/plugins/org.eclipse.m2e.maven.runtime_3.9.900.20240824-1409/jars/plexus-build-api-0.0.7.jar
2024-12-12 09:09:53,238 [Worker-10: Launching Executing install in _Users_woojin_Downloads_202221889_fe_code-in-spring-main(202221889_최우진_고웹)] INFO  o.eclipse.m2e.core.internal.Bundles - 	Entry: /Users/woojin/.p2/pool/plugins/org.eclipse.m2e.maven.runtime_3.9.900.20240824-1409/jars/plexus-build-api-1.2.0.jar
2024-12-12 09:09:53,238 [Worker-10: Launching Executing install in _Users_woojin_Downloads_202221889_fe_code-in-spring-main(202221889_최우진_고웹)] INFO  o.eclipse.m2e.core.internal.Bundles - 	Entry: /Users/woojin/.p2/pool/plugins/org.eclipse.m2e.maven.runtime_3.9.900.20240824-1409/jars/plexus-cipher-2.0.jar
2024-12-12 09:09:53,239 [Worker-10: Launching Executing install in _Users_woojin_Downloads_202221889_fe_code-in-spring-main(202221889_최우진_고웹)] INFO  o.eclipse.m2e.core.internal.Bundles - 	Entry: /Users/woojin/.p2/pool/plugins/org.eclipse.m2e.maven.runtime_3.9.900.20240824-1409/jars/plexus-classworlds-2.8.0.jar
2024-12-12 09:09:53,239 [Worker-10: Launching Executing install in _Users_woojin_Downloads_202221889_fe_code-in-spring-main(202221889_최우진_고웹)] INFO  o.eclipse.m2e.core.internal.Bundles - 	Entry: /Users/woojin/.p2/pool/plugins/org.eclipse.m2e.maven.runtime_3.9.900.20240824-1409/jars/plexus-component-annotations-2.1.0.jar
2024-12-12 09:09:53,239 [Worker-10: Launching Executing install in _Users_woojin_Downloads_202221889_fe_code-in-spring-main(202221889_최우진_고웹)] INFO  o.eclipse.m2e.core.internal.Bundles - 	Entry: /Users/woojin/.p2/pool/plugins/org.eclipse.m2e.maven.runtime_3.9.900.20240824-1409/jars/plexus-interpolation-1.27.jar
2024-12-12 09:09:53,239 [Worker-10: Launching Executing install in _Users_woojin_Downloads_202221889_fe_code-in-spring-main(202221889_최우진_고웹)] INFO  o.eclipse.m2e.core.internal.Bundles - 	Entry: /Users/woojin/.p2/pool/plugins/org.eclipse.m2e.maven.runtime_3.9.900.20240824-1409/jars/plexus-sec-dispatcher-2.0.jar
2024-12-12 09:09:53,239 [Worker-10: Launching Executing install in _Users_woojin_Downloads_202221889_fe_code-in-spring-main(202221889_최우진_고웹)] INFO  o.eclipse.m2e.core.internal.Bundles - 	Entry: /Users/woojin/.p2/pool/plugins/org.eclipse.m2e.maven.runtime_3.9.900.20240824-1409/jars/plexus-utils-3.5.1.jar
2024-12-12 09:09:53,239 [Worker-10: Launching Executing install in _Users_woojin_Downloads_202221889_fe_code-in-spring-main(202221889_최우진_고웹)] INFO  o.eclipse.m2e.core.internal.Bundles - 	Entry: /Users/woojin/.p2/pool/plugins/org.eclipse.m2e.maven.runtime_3.9.900.20240824-1409/jars/plexus-xml-3.0.1.jar
2024-12-12 09:09:53,239 [Worker-10: Launching Executing install in _Users_woojin_Downloads_202221889_fe_code-in-spring-main(202221889_최우진_고웹)] INFO  o.eclipse.m2e.core.internal.Bundles - 	Entry: /Users/woojin/.p2/pool/plugins/org.eclipse.m2e.maven.runtime_3.9.900.20240824-1409/jars/wagon-file-3.5.3.jar
2024-12-12 09:09:53,239 [Worker-10: Launching Executing install in _Users_woojin_Downloads_202221889_fe_code-in-spring-main(202221889_최우진_고웹)] INFO  o.eclipse.m2e.core.internal.Bundles - 	Entry: /Users/woojin/.p2/pool/plugins/org.eclipse.m2e.maven.runtime_3.9.900.20240824-1409/jars/wagon-http-3.5.3.jar
2024-12-12 09:09:53,239 [Worker-10: Launching Executing install in _Users_woojin_Downloads_202221889_fe_code-in-spring-main(202221889_최우진_고웹)] INFO  o.eclipse.m2e.core.internal.Bundles - 	Entry: /Users/woojin/.p2/pool/plugins/org.eclipse.m2e.maven.runtime_3.9.900.20240824-1409/jars/wagon-http-shared-3.5.3.jar
2024-12-12 09:09:53,239 [Worker-10: Launching Executing install in _Users_woojin_Downloads_202221889_fe_code-in-spring-main(202221889_최우진_고웹)] INFO  o.eclipse.m2e.core.internal.Bundles - 	Entry: /Users/woojin/.p2/pool/plugins/org.eclipse.m2e.maven.runtime_3.9.900.20240824-1409/jars/wagon-provider-api-3.5.3.jar
2024-12-12 09:09:53,239 [Worker-10: Launching Executing install in _Users_woojin_Downloads_202221889_fe_code-in-spring-main(202221889_최우진_고웹)] INFO  o.eclipse.m2e.core.internal.Bundles - getClasspathEntries(Bundle=com.google.guava_33.3.0.jre [16])
2024-12-12 09:09:53,239 [Worker-10: Launching Executing install in _Users_woojin_Downloads_202221889_fe_code-in-spring-main(202221889_최우진_고웹)] INFO  o.eclipse.m2e.core.internal.Bundles - 	Entry: /Users/woojin/.p2/pool/plugins/com.google.guava_33.3.0.jre.jar
2024-12-12 09:09:53,239 [Worker-10: Launching Executing install in _Users_woojin_Downloads_202221889_fe_code-in-spring-main(202221889_최우진_고웹)] INFO  o.eclipse.m2e.core.internal.Bundles - getClasspathEntries(Bundle=slf4j.api_2.0.16 [1004])
2024-12-12 09:09:53,239 [Worker-10: Launching Executing install in _Users_woojin_Downloads_202221889_fe_code-in-spring-main(202221889_최우진_고웹)] INFO  o.eclipse.m2e.core.internal.Bundles - 	Entry: /Users/woojin/.p2/pool/plugins/slf4j.api_2.0.16.jar
2024-12-12 09:09:53,239 [Worker-10: Launching Executing install in _Users_woojin_Downloads_202221889_fe_code-in-spring-main(202221889_최우진_고웹)] INFO  o.eclipse.m2e.core.internal.Bundles - getClasspathEntries(Bundle=jakarta.inject.jakarta.inject-api_1.0.5 [34])
2024-12-12 09:09:53,239 [Worker-10: Launching Executing install in _Users_woojin_Downloads_202221889_fe_code-in-spring-main(202221889_최우진_고웹)] INFO  o.eclipse.m2e.core.internal.Bundles - 	Entry: /Users/woojin/.p2/pool/plugins/jakarta.inject.jakarta.inject-api_1.0.5.jar
2024-12-12 09:09:53,239 [Worker-10: Launching Executing install in _Users_woojin_Downloads_202221889_fe_code-in-spring-main(202221889_최우진_고웹)] INFO  o.eclipse.m2e.core.internal.Bundles - getClasspathEntries(Bundle=jakarta.annotation-api_1.3.5 [29])
2024-12-12 09:09:53,239 [Worker-10: Launching Executing install in _Users_woojin_Downloads_202221889_fe_code-in-spring-main(202221889_최우진_고웹)] INFO  o.eclipse.m2e.core.internal.Bundles - 	Entry: /Users/woojin/.p2/pool/plugins/jakarta.annotation-api_1.3.5.jar
2024-12-12 09:09:53,239 [Worker-10: Launching Executing install in _Users_woojin_Downloads_202221889_fe_code-in-spring-main(202221889_최우진_고웹)] INFO  o.eclipse.m2e.core.internal.Bundles - getClasspathEntries(Bundle=org.apache.commons.cli_1.9.0 [78])
2024-12-12 09:09:53,239 [Worker-10: Launching Executing install in _Users_woojin_Downloads_202221889_fe_code-in-spring-main(202221889_최우진_고웹)] INFO  o.eclipse.m2e.core.internal.Bundles - 	Entry: /Users/woojin/.p2/pool/plugins/org.apache.commons.cli_1.9.0.jar
2024-12-12 09:09:53,239 [Worker-10: Launching Executing install in _Users_woojin_Downloads_202221889_fe_code-in-spring-main(202221889_최우진_고웹)] INFO  o.eclipse.m2e.core.internal.Bundles - getClasspathEntries(Bundle=org.apache.commons.commons-codec_1.16.0 [81])
2024-12-12 09:09:53,239 [Worker-10: Launching Executing install in _Users_woojin_Downloads_202221889_fe_code-in-spring-main(202221889_최우진_고웹)] INFO  o.eclipse.m2e.core.internal.Bundles - 	Entry: /Users/woojin/.p2/pool/plugins/org.apache.commons.commons-codec_1.16.0.jar
2024-12-12 09:09:53,239 [Worker-10: Launching Executing install in _Users_woojin_Downloads_202221889_fe_code-in-spring-main(202221889_최우진_고웹)] INFO  o.eclipse.m2e.core.internal.Bundles - getClasspathEntries(Bundle=com.google.guava.failureaccess_1.0.2 [17])
2024-12-12 09:09:53,239 [Worker-10: Launching Executing install in _Users_woojin_Downloads_202221889_fe_code-in-spring-main(202221889_최우진_고웹)] INFO  o.eclipse.m2e.core.internal.Bundles - 	Entry: /Users/woojin/.p2/pool/plugins/com.google.guava.failureaccess_1.0.2.jar
2024-12-12 09:09:53,240 [Worker-10: Launching Executing install in _Users_woojin_Downloads_202221889_fe_code-in-spring-main(202221889_최우진_고웹)] INFO  o.e.m.i.launch.MavenLaunchDelegate - Run build in "/Users/woojin/Downloads/202221889_fe/code-in-spring-main(202221889_최우진_고웹)":
2024-12-12 09:09:53,240 [Worker-10: Launching Executing install in _Users_woojin_Downloads_202221889_fe_code-in-spring-main(202221889_최우진_고웹)] INFO  o.e.m.i.launch.MavenLaunchDelegate -  mvn  -B -Dstyle.color=always install
